
2025-04-19 13:53:53 Traceback (most recent call last):
2025-04-19 13:53:53 File "<frozen runpy>", line 189, in _run_module_as_main
2025-04-19 13:53:53 File "<frozen runpy>", line 112, in _get_module_details
2025-04-19 13:53:53 File "/home/nico-kuehn-dci/Desktop/portfolio/arythm_emu/src/rythmotron/__init__.py", line 14, in <module>
2025-04-19 13:53:53 from . import ui
2025-04-19 13:53:53 File "/home/nico-kuehn-dci/Desktop/portfolio/arythm_emu/src/rythmotron/ui/__init__.py", line 7, in <module>
2025-04-19 13:53:53 from . import controls
2025-04-19 13:53:53 File "/home/nico-kuehn-dci/Desktop/portfolio/arythm_emu/src/rythmotron/ui/controls/__init__.py", line 8, in <module>
2025-04-19 13:53:53 from . import knob_components
2025-04-19 13:53:53 File "/home/nico-kuehn-dci/Desktop/portfolio/arythm_emu/src/rythmotron/ui/controls/knob_components.py", line 15, in <module>
2025-04-19 13:53:53 from ...context import RythmContext
2025-04-19 13:53:53 ModuleNotFoundError: No module named 'rythmotron.context'
2025-04-19 14:04:27 Traceback (most recent call last):
2025-04-19 14:04:27 File "<frozen runpy>", line 189, in _run_module_as_main
2025-04-19 14:04:27 File "<frozen runpy>", line 112, in _get_module_details
2025-04-19 14:04:27 File "/home/nico-kuehn-dci/Desktop/portfolio/arythm_emu/src/rythmotron/__init__.py", line 14, in <module>
2025-04-19 14:04:27 from . import ui
2025-04-19 14:04:27 File "/home/nico-kuehn-dci/Desktop/portfolio/arythm_emu/src/rythmotron/ui/__init__.py", line 9, in <module>
2025-04-19 14:04:27 from .rytm_gui import RythmGUI
2025-04-19 14:04:27 File "/home/nico-kuehn-dci/Desktop/portfolio/arythm_emu/src/rythmotron/ui/rytm_gui.py", line 16, in <module>
2025-04-19 14:04:27 from .sections.top_section import TopSection
2025-04-19 14:04:27 ImportError: cannot import name 'TopSection' from 'rythmotron.ui.sections.top_section' (/home/nico-kuehn-dci/Desktop/portfolio/arythm_emu/src/rythmotron/ui/sections/top_section.py)
2025-04-19 14:17:02 Traceback (most recent call last):
2025-04-19 14:17:02 File "<frozen runpy>", line 189, in _run_module_as_main
2025-04-19 14:17:02 File "<frozen runpy>", line 112, in _get_module_details
2025-04-19 14:17:02 File "/home/nico-kuehn-dci/Desktop/portfolio/arythm_emu/src/rythmotron/__init__.py", line 14, in <module>
2025-04-19 14:17:02 from . import ui
2025-04-19 14:17:02 File "/home/nico-kuehn-dci/Desktop/portfolio/arythm_emu/src/rythmotron/ui/__init__.py", line 9, in <module>
2025-04-19 14:17:02 from .rytm_gui import RythmGUI
2025-04-19 14:17:02 File "/home/nico-kuehn-dci/Desktop/portfolio/arythm_emu/src/rythmotron/ui/rytm_gui.py", line 16, in <module>
2025-04-19 14:17:02 from .sections.top_section import TopSection
2025-04-19 14:17:02 ImportError: cannot import name 'TopSection' from 'rythmotron.ui.sections.top_section' (/home/nico-kuehn-dci/Desktop/portfolio/arythm_emu/src/rythmotron/ui/sections/top_section.py)
2025-04-19 14:23:12 Traceback (most recent call last):
2025-04-19 14:23:12 File "<frozen runpy>", line 189, in _run_module_as_main
2025-04-19 14:23:12 File "<frozen runpy>", line 112, in _get_module_details
2025-04-19 14:23:12 File "/home/nico-kuehn-dci/Desktop/portfolio/arythm_emu/src/rythmotron/__init__.py", line 14, in <module>
2025-04-19 14:23:12 from . import ui
2025-04-19 14:23:12 File "/home/nico-kuehn-dci/Desktop/portfolio/arythm_emu/src/rythmotron/ui/__init__.py", line 9, in <module>
2025-04-19 14:23:12 from .rytm_gui import RythmGUI
2025-04-19 14:23:12 File "/home/nico-kuehn-dci/Desktop/portfolio/arythm_emu/src/rythmotron/ui/rytm_gui.py", line 16, in <module>
2025-04-19 14:23:12 from .sections.top_section import TopSection
2025-04-19 14:23:12 ImportError: cannot import name 'TopSection' from 'rythmotron.ui.sections.top_section' (/home/nico-kuehn-dci/Desktop/portfolio/arythm_emu/src/rythmotron/ui/sections/top_section.py)
2025-04-19 14:26:13 Traceback (most recent call last):
2025-04-19 14:26:13 File "<frozen runpy>", line 189, in _run_module_as_main
2025-04-19 14:26:13 File "<frozen runpy>", line 112, in _get_module_details
2025-04-19 14:26:13 File "/home/nico-kuehn-dci/Desktop/portfolio/arythm_emu/src/rythmotron/__init__.py", line 14, in <module>
2025-04-19 14:26:13 from . import ui
2025-04-19 14:26:13 File "/home/nico-kuehn-dci/Desktop/portfolio/arythm_emu/src/rythmotron/ui/__init__.py", line 9, in <module>
2025-04-19 14:26:13 from .rytm_gui import RythmGUI
2025-04-19 14:26:13 File "/home/nico-kuehn-dci/Desktop/portfolio/arythm_emu/src/rythmotron/ui/rytm_gui.py", line 16, in <module>
2025-04-19 14:26:13 from .sections.top_section import TopSection
2025-04-19 14:26:13 ImportError: cannot import name 'TopSection' from 'rythmotron.ui.sections.top_section' (/home/nico-kuehn-dci/Desktop/portfolio/arythm_emu/src/rythmotron/ui/sections/top_section.py)
2025-04-19 14:33:09 Traceback (most recent call last):
2025-04-19 14:33:09 File "<frozen runpy>", line 189, in _run_module_as_main
2025-04-19 14:33:09 File "<frozen runpy>", line 112, in _get_module_details
2025-04-19 14:33:09 File "/home/nico-kuehn-dci/Desktop/portfolio/arythm_emu/src/rythmotron/__init__.py", line 14, in <module>
2025-04-19 14:33:09 from . import ui
2025-04-19 14:33:09 File "/home/nico-kuehn-dci/Desktop/portfolio/arythm_emu/src/rythmotron/ui/__init__.py", line 9, in <module>
2025-04-19 14:33:09 from .rytm_gui import RythmGUI
2025-04-19 14:33:09 File "/home/nico-kuehn-dci/Desktop/portfolio/arythm_emu/src/rythmotron/ui/rytm_gui.py", line 16, in <module>
2025-04-19 14:33:09 from .sections.top_section import TopSection
2025-04-19 14:33:09 ImportError: cannot import name 'TopSection' from 'rythmotron.ui.sections.top_section' (/home/nico-kuehn-dci/Desktop/portfolio/arythm_emu/src/rythmotron/ui/sections/top_section.py)
